<?xml version="1.0" encoding="UTF-8" ?>
<testsuites>
  <testsuite errors="0" failures="0" hostname="melon" id="0" name="RenfeServiceTests" package="trenes" tests="1" time="357.178" timestamp="2013-08-06T11:13:54">
      <properties />

      <testcase classname="trenes.RenfeServiceTests" name="testExtraerTrayectos" time="356.479" />

      <system-out><![CDATA[--Output from testExtraerTrayectos--
2013-08-06 13:14:06,523 [Actor Thread 4] DEBUG trenes.RenfeService  - Enviado 1

2013-08-06 13:14:08,822 [Actor Thread 4] DEBUG trenes.RenfeService  - Nuevo trayecto [A Coruña - A Gudiña]

2013-08-06 13:14:09,800 [Actor Thread 4] DEBUG trenes.RenfeService  - Nuevo trayecto [A Coruña - A Rua-Petin]

2013-08-06 13:14:12,676 [Actor Thread 4] DEBUG trenes.RenfeService  - Nuevo trayecto [A Coruña - Agurain/Salvatierra De Alava]

2013-08-06 13:14:13,737 [Actor Thread 4] DEBUG trenes.RenfeService  - Nuevo trayecto [A Coruña - Alacant-Terminal]

2013-08-06 13:14:14,021 [Actor Thread 4] DEBUG trenes.RenfeService  - Nuevo trayecto [A Coruña - Alagon]

2013-08-06 13:14:14,599 [Actor Thread 4] DEBUG trenes.RenfeService  - Nuevo trayecto [A Coruña - Albacete]

2013-08-06 13:14:18,373 [Actor Thread 4] DEBUG trenes.RenfeService  - Nuevo trayecto [A Coruña - Alegria De Alava]

2013-08-06 13:14:19,569 [Actor Thread 4] DEBUG trenes.RenfeService  - Nuevo trayecto [A Coruña - Alicante]

2013-08-06 13:14:21,673 [Actor Thread 4] DEBUG trenes.RenfeService  - Nuevo trayecto [A Coruña - Alsasu-Pueblo]

2013-08-06 13:14:22,301 [Actor Thread 4] DEBUG trenes.RenfeService  - Nuevo trayecto [A Coruña - Altsasu]

2013-08-06 13:14:26,550 [Actor Thread 4] DEBUG trenes.RenfeService  - Nuevo trayecto [A Coruña - Araia]

2013-08-06 13:14:27,864 [Actor Thread 4] DEBUG trenes.RenfeService  - Nuevo trayecto [A Coruña - Arcade  (Apt-Cgd)]

2013-08-06 13:14:32,212 [Actor Thread 4] DEBUG trenes.RenfeService  - Nuevo trayecto [A Coruña - Astorga]

2013-08-06 13:14:35,081 [Actor Thread 4] DEBUG trenes.RenfeService  - Nuevo trayecto [A Coruña - Avila]

2013-08-06 13:14:36,136 [Actor Thread 4] DEBUG trenes.RenfeService  - Nuevo trayecto [A Coruña - Baamonde]

2013-08-06 13:14:38,320 [Actor Thread 4] DEBUG trenes.RenfeService  - Nuevo trayecto [A Coruña - Barallobre (Apd)]

2013-08-06 13:14:39,190 [Actor Thread 4] DEBUG trenes.RenfeService  - Nuevo trayecto [A Coruña - Barcelona (*)]

2013-08-06 13:14:40,370 [Actor Thread 4] DEBUG trenes.RenfeService  - Nuevo trayecto [A Coruña - Barcelona-Sants]

2013-08-06 13:14:44,946 [Actor Thread 4] DEBUG trenes.RenfeService  - Nuevo trayecto [A Coruña - Bembibre]

2013-08-06 13:14:47,846 [Actor Thread 4] DEBUG trenes.RenfeService  - Nuevo trayecto [A Coruña - Betanzos-Cidade]

2013-08-06 13:14:49,243 [Actor Thread 4] DEBUG trenes.RenfeService  - Nuevo trayecto [A Coruña - Betanzos-Infesta]

2013-08-06 13:14:55,485 [Actor Thread 4] DEBUG trenes.RenfeService  - Nuevo trayecto [A Coruña - Briviesca]

2013-08-06 13:14:56,873 [Actor Thread 4] DEBUG trenes.RenfeService  - Nuevo trayecto [A Coruña - Burgos Rosa De Lima]

2013-08-06 13:14:58,486 [Actor Thread 4] DEBUG trenes.RenfeService  - Nuevo trayecto [A Coruña - Cabanas-Areal (Apd)]

2013-08-06 13:14:59,026 [Actor Thread 4] DEBUG trenes.RenfeService  - Nuevo trayecto [A Coruña - Cabañas Ebro]

2013-08-06 13:14:59,867 [Actor Thread 4] DEBUG trenes.RenfeService  - Nuevo trayecto [A Coruña - Cadiz]

2013-08-06 13:15:03,337 [Actor Thread 4] DEBUG trenes.RenfeService  - Nuevo trayecto [A Coruña - Cambre (Apt-Cgd)]

2013-08-06 13:15:04,621 [Actor Thread 4] DEBUG trenes.RenfeService  - Nuevo trayecto [A Coruña - Camp Tarragona]

2013-08-06 13:15:10,252 [Actor Thread 4] DEBUG trenes.RenfeService  - Nuevo trayecto [A Coruña - Casetas]

2013-08-06 13:15:11,648 [Actor Thread 4] DEBUG trenes.RenfeService  - Nuevo trayecto [A Coruña - Castejon De Ebro]

2013-08-06 13:15:13,747 [Actor Thread 4] DEBUG trenes.RenfeService  - Nuevo trayecto [A Coruña - Catoira  (Apt)]

2013-08-06 13:15:15,169 [Actor Thread 4] DEBUG trenes.RenfeService  - Nuevo trayecto [A Coruña - Cecebre (Apd)]

2013-08-06 13:15:16,545 [Actor Thread 4] DEBUG trenes.RenfeService  - Nuevo trayecto [A Coruña - Cerceda-Meirama]

2013-08-06 13:15:17,564 [Actor Thread 4] DEBUG trenes.RenfeService  - Nuevo trayecto [A Coruña - Cesantes (Apd)]

2013-08-06 13:15:17,706 [Actor Thread 4] DEBUG trenes.RenfeService  - Nuevo trayecto [A Coruña - Cesuras]

2013-08-06 13:15:45,467 [Actor Thread 4] DEBUG trenes.RenfeService  - Nuevo trayecto [A Coruña - Cordoba Central]

2013-08-06 13:15:46,161 [Actor Thread 4] DEBUG trenes.RenfeService  - Nuevo trayecto [A Coruña - Cortes De Nadefra]

2013-08-06 13:15:49,395 [Actor Thread 4] DEBUG trenes.RenfeService  - Nuevo trayecto [A Coruña - Cuenca (*)]

2013-08-06 13:15:49,850 [Actor Thread 4] DEBUG trenes.RenfeService  - Nuevo trayecto [A Coruña - Cuenca Fernando Zobel]

2013-08-06 13:15:51,548 [Actor Thread 4] DEBUG trenes.RenfeService  - Nuevo trayecto [A Coruña - Curtis]

2013-08-06 13:15:59,219 [Actor Thread 4] DEBUG trenes.RenfeService  - Nuevo trayecto [A Coruña - Elviña-Universidade]

2013-08-06 13:16:03,436 [Actor Thread 4] DEBUG trenes.RenfeService  - Nuevo trayecto [A Coruña - Etxarri-Aranatz]

2013-08-06 13:16:06,146 [Actor Thread 4] DEBUG trenes.RenfeService  - Nuevo trayecto [A Coruña - Ferrol]

2013-08-06 13:16:07,658 [Actor Thread 4] DEBUG trenes.RenfeService  - Nuevo trayecto [A Coruña - Figueres Vilafant]

2013-08-06 13:16:14,005 [Actor Thread 4] DEBUG trenes.RenfeService  - Nuevo trayecto [A Coruña - Gallur]

2013-08-06 13:16:17,229 [Actor Thread 4] DEBUG trenes.RenfeService  - Nuevo trayecto [A Coruña - Girona]

2013-08-06 13:16:22,889 [Actor Thread 4] DEBUG trenes.RenfeService  - Nuevo trayecto [A Coruña - Guitiriz]

2013-08-06 13:16:24,269 [Actor Thread 4] DEBUG trenes.RenfeService  - Nuevo trayecto [A Coruña - Hendaya]

2013-08-06 13:16:27,872 [Actor Thread 4] DEBUG trenes.RenfeService  - Nuevo trayecto [A Coruña - Irun]

2013-08-06 13:16:28,115 [Actor Thread 4] DEBUG trenes.RenfeService  - Nuevo trayecto [A Coruña - Irun-Hend (*)]

2013-08-06 13:16:29,921 [Actor Thread 4] DEBUG trenes.RenfeService  - Nuevo trayecto [A Coruña - Jerez De La Frontera]

2013-08-06 13:16:32,095 [Actor Thread 4] DEBUG trenes.RenfeService  - Nuevo trayecto [A Coruña - Koln / Colonia]

2013-08-06 13:16:41,850 [Actor Thread 4] DEBUG trenes.RenfeService  - Nuevo trayecto [A Coruña - Lalin]

2013-08-06 13:16:50,815 [Actor Thread 4] DEBUG trenes.RenfeService  - Nuevo trayecto [A Coruña - Leon]

2013-08-06 13:16:57,196 [Actor Thread 4] DEBUG trenes.RenfeService  - Nuevo trayecto [A Coruña - Lleida]

2013-08-06 13:16:58,592 [Actor Thread 4] DEBUG trenes.RenfeService  - Nuevo trayecto [A Coruña - Logroño]

2013-08-06 13:17:04,678 [Actor Thread 4] DEBUG trenes.RenfeService  - Nuevo trayecto [A Coruña - Luceni]

2013-08-06 13:17:05,464 [Actor Thread 4] DEBUG trenes.RenfeService  - Nuevo trayecto [A Coruña - Lugo]

2013-08-06 13:17:08,356 [Actor Thread 4] DEBUG trenes.RenfeService  - Nuevo trayecto [A Coruña - Madrid (*)]

2013-08-06 13:17:08,920 [Actor Thread 4] DEBUG trenes.RenfeService  - Nuevo trayecto [A Coruña - Madrid-Barajas T4]

2013-08-06 13:17:09,863 [Actor Thread 4] DEBUG trenes.RenfeService  - Nuevo trayecto [A Coruña - Madrid-Chamartin]

2013-08-06 13:17:10,143 [Actor Thread 4] DEBUG trenes.RenfeService  - Nuevo trayecto [A Coruña - Madrid-Puerta De Atocha]

2013-08-06 13:17:10,951 [Actor Thread 4] DEBUG trenes.RenfeService  - Nuevo trayecto [A Coruña - Malaga]

2013-08-06 13:17:12,645 [Actor Thread 4] DEBUG trenes.RenfeService  - Nuevo trayecto [A Coruña - Marcilla De Nadefra]

2013-08-06 13:17:17,606 [Actor Thread 4] DEBUG trenes.RenfeService  - Nuevo trayecto [A Coruña - Medina Del Campo]

2013-08-06 13:17:21,194 [Actor Thread 4] DEBUG trenes.RenfeService  - Nuevo trayecto [A Coruña - Miranda De Ebro]

2013-08-06 13:17:22,097 [Actor Thread 4] DEBUG trenes.RenfeService  - Nuevo trayecto [A Coruña - Miño Castro]

2013-08-06 13:17:24,104 [Actor Thread 4] DEBUG trenes.RenfeService  - Nuevo trayecto [A Coruña - Monforte De Lemos]

2013-08-06 13:17:34,571 [Actor Thread 4] DEBUG trenes.RenfeService  - Nuevo trayecto [A Coruña - Neda  (Apt-Cgd)]

2013-08-06 13:17:39,912 [Actor Thread 4] DEBUG trenes.RenfeService  - Nuevo trayecto [A Coruña - O Barco De Valdeorras]

2013-08-06 13:17:40,290 [Actor Thread 4] DEBUG trenes.RenfeService  - Nuevo trayecto [A Coruña - O Burgo Santiago]

2013-08-06 13:17:40,694 [Actor Thread 4] DEBUG trenes.RenfeService  - Nuevo trayecto [A Coruña - O Carballiño]

2013-08-06 13:17:41,398 [Actor Thread 4] DEBUG trenes.RenfeService  - Nuevo trayecto [A Coruña - Olite]

2013-08-06 13:17:42,873 [Actor Thread 4] DEBUG trenes.RenfeService  - Nuevo trayecto [A Coruña - Ordes]

2013-08-06 13:17:44,745 [Actor Thread 4] DEBUG trenes.RenfeService  - Nuevo trayecto [A Coruña - Osebe (Apd)]

2013-08-06 13:17:47,565 [Actor Thread 4] DEBUG trenes.RenfeService  - Nuevo trayecto [A Coruña - Ourense]

2013-08-06 13:17:48,094 [Actor Thread 4] DEBUG trenes.RenfeService  - Nuevo trayecto [A Coruña - Oza De Los Rios (Apt-Cgd)]

2013-08-06 13:17:48,775 [Actor Thread 4] DEBUG trenes.RenfeService  - Nuevo trayecto [A Coruña - Padron]

2013-08-06 13:17:50,712 [Actor Thread 4] DEBUG trenes.RenfeService  - Nuevo trayecto [A Coruña - Palencia]

2013-08-06 13:17:51,815 [Actor Thread 4] DEBUG trenes.RenfeService  - Nuevo trayecto [A Coruña - Pamplona]

2013-08-06 13:17:52,871 [Actor Thread 4] DEBUG trenes.RenfeService  - Nuevo trayecto [A Coruña - Parga]

2013-08-06 13:17:53,901 [Actor Thread 4] DEBUG trenes.RenfeService  - Nuevo trayecto [A Coruña - Pedrelo-Celtigos (Apd)]

2013-08-06 13:17:55,139 [Actor Thread 4] DEBUG trenes.RenfeService  - Nuevo trayecto [A Coruña - Perbes (Apd)]

2013-08-06 13:17:55,535 [Actor Thread 4] DEBUG trenes.RenfeService  - Nuevo trayecto [A Coruña - Perlio (Apd)]

2013-08-06 13:17:57,655 [Actor Thread 4] DEBUG trenes.RenfeService  - Nuevo trayecto [A Coruña - Pinoy (Apd)]

2013-08-06 13:18:00,970 [Actor Thread 4] DEBUG trenes.RenfeService  - Nuevo trayecto [A Coruña - Ponferrada]

2013-08-06 13:18:03,016 [Actor Thread 4] DEBUG trenes.RenfeService  - Nuevo trayecto [A Coruña - Pontecesures]

2013-08-06 13:18:03,757 [Actor Thread 4] DEBUG trenes.RenfeService  - Nuevo trayecto [A Coruña - Pontedeume]

2013-08-06 13:18:04,405 [Actor Thread 4] DEBUG trenes.RenfeService  - Nuevo trayecto [A Coruña - Pontevedra]

2013-08-06 13:18:04,590 [Actor Thread 4] DEBUG trenes.RenfeService  - Nuevo trayecto [A Coruña - Pontevedra Universidad]

2013-08-06 13:18:07,348 [Actor Thread 4] DEBUG trenes.RenfeService  - Nuevo trayecto [A Coruña - Portela (Apt)]

2013-08-06 13:18:10,040 [Actor Thread 4] DEBUG trenes.RenfeService  - Nuevo trayecto [A Coruña - Puebla De Sanabria]

2013-08-06 13:18:11,589 [Actor Thread 4] DEBUG trenes.RenfeService  - Nuevo trayecto [A Coruña - Puerto De Santa Maria]

2013-08-06 13:18:14,006 [Actor Thread 4] DEBUG trenes.RenfeService  - Nuevo trayecto [A Coruña - Rabade]

2013-08-06 13:18:16,262 [Actor Thread 4] DEBUG trenes.RenfeService  - Nuevo trayecto [A Coruña - Redondela De Galicia]

2013-08-06 13:18:16,725 [Actor Thread 4] DEBUG trenes.RenfeService  - Nuevo trayecto [A Coruña - Redondela Picota]

2013-08-06 13:18:18,718 [Actor Thread 4] DEBUG trenes.RenfeService  - Nuevo trayecto [A Coruña - Requena Utiel]

2013-08-06 13:18:20,573 [Actor Thread 4] DEBUG trenes.RenfeService  - Nuevo trayecto [A Coruña - Ribaforada]

2013-08-06 13:18:29,107 [Actor Thread 4] DEBUG trenes.RenfeService  - Nuevo trayecto [A Coruña - Sahagun]

2013-08-06 13:18:29,730 [Actor Thread 4] DEBUG trenes.RenfeService  - Nuevo trayecto [A Coruña - Salamanca]

2013-08-06 13:18:30,235 [Actor Thread 4] DEBUG trenes.RenfeService  - Nuevo trayecto [A Coruña - Salamanca - La Alamedilla]

2013-08-06 13:18:32,741 [Actor Thread 4] DEBUG trenes.RenfeService  - Nuevo trayecto [A Coruña - San Clodio-Quiroga]

2013-08-06 13:18:33,191 [Actor Thread 4] DEBUG trenes.RenfeService  - Nuevo trayecto [A Coruña - San Fernando - Bahia Sur]

2013-08-06 13:18:35,291 [Actor Thread 4] DEBUG trenes.RenfeService  - Nuevo trayecto [A Coruña - San Sebastian/Donostia]

2013-08-06 13:18:39,823 [Actor Thread 4] DEBUG trenes.RenfeService  - Nuevo trayecto [A Coruña - Santiago De Compostela]

2013-08-06 13:18:41,111 [Actor Thread 4] DEBUG trenes.RenfeService  - Nuevo trayecto [A Coruña - Sarria]

2013-08-06 13:18:44,015 [Actor Thread 4] DEBUG trenes.RenfeService  - Nuevo trayecto [A Coruña - Segovia Av]

2013-08-06 13:18:44,637 [Actor Thread 4] DEBUG trenes.RenfeService  - Nuevo trayecto [A Coruña - Segovia(*)]

2013-08-06 13:18:46,870 [Actor Thread 4] DEBUG trenes.RenfeService  - Nuevo trayecto [A Coruña - Sevilla Santa Justa]

2013-08-06 13:19:01,805 [Actor Thread 4] DEBUG trenes.RenfeService  - Nuevo trayecto [A Coruña - Tafalla]

2013-08-06 13:19:03,625 [Actor Thread 4] DEBUG trenes.RenfeService  - Nuevo trayecto [A Coruña - Tarragona (*)]

2013-08-06 13:19:04,478 [Actor Thread 4] DEBUG trenes.RenfeService  - Nuevo trayecto [A Coruña - Teijeiro]

2013-08-06 13:19:12,798 [Actor Thread 4] DEBUG trenes.RenfeService  - Nuevo trayecto [A Coruña - Tudela De Nadefra]

2013-08-06 13:19:13,769 [Actor Thread 4] DEBUG trenes.RenfeService  - Nuevo trayecto [A Coruña - Uharte-Arakil]

2013-08-06 13:19:14,851 [Actor Thread 4] DEBUG trenes.RenfeService  - Nuevo trayecto [A Coruña - Utebo]

2013-08-06 13:19:15,758 [Actor Thread 4] DEBUG trenes.RenfeService  - Nuevo trayecto [A Coruña - Uxes (Apt-Cgd)]

2013-08-06 13:19:19,954 [Actor Thread 4] DEBUG trenes.RenfeService  - Nuevo trayecto [A Coruña - Valencia (*)]

2013-08-06 13:19:21,190 [Actor Thread 4] DEBUG trenes.RenfeService  - Nuevo trayecto [A Coruña - Valencia Joaquin Sorolla]

2013-08-06 13:19:29,682 [Actor Thread 4] DEBUG trenes.RenfeService  - Nuevo trayecto [A Coruña - Vigo Guixar]

2013-08-06 13:19:31,865 [Actor Thread 4] DEBUG trenes.RenfeService  - Nuevo trayecto [A Coruña - Vilagarcia De Arousa]

2013-08-06 13:19:35,075 [Actor Thread 4] DEBUG trenes.RenfeService  - Nuevo trayecto [A Coruña - Villafranca De Nadefra]

2013-08-06 13:19:40,178 [Actor Thread 4] DEBUG trenes.RenfeService  - Nuevo trayecto [A Coruña - Villena Av]

2013-08-06 13:19:43,469 [Actor Thread 4] DEBUG trenes.RenfeService  - Nuevo trayecto [A Coruña - Vitoria/Gasteiz]

2013-08-06 13:19:47,847 [Actor Thread 4] DEBUG trenes.RenfeService  - Nuevo trayecto [A Coruña - Zamora]

2013-08-06 13:19:48,293 [Actor Thread 4] DEBUG trenes.RenfeService  - Nuevo trayecto [A Coruña - Zaragoza Goya]

2013-08-06 13:19:48,692 [Actor Thread 4] DEBUG trenes.RenfeService  - Nuevo trayecto [A Coruña - Zaragoza Miraflores]

2013-08-06 13:19:49,044 [Actor Thread 4] DEBUG trenes.RenfeService  - Nuevo trayecto [A Coruña - Zaragoza Portillo]

2013-08-06 13:19:50,066 [Actor Thread 4] DEBUG trenes.RenfeService  - Nuevo trayecto [A Coruña - Zaragoza(*)]

2013-08-06 13:19:50,824 [Actor Thread 4] DEBUG trenes.RenfeService  - Nuevo trayecto [A Coruña - Zaragoza-Delicias]

2013-08-06 13:19:51,644 [Actor Thread 4] DEBUG trenes.RenfeService  - Nuevo trayecto [A Coruña - Zumarraga]

]]></system-out>

      <system-err><![CDATA[--Output from testExtraerTrayectos--
An exception occurred in the Actor thread Actor Thread 4
An exception occurred in the Actor thread Actor Thread 5
java.lang.NullPointerException: Cannot invoke method save() on null object
	at org.codehaus.groovy.runtime.NullObject.invokeMethod(NullObject.java:77)
	at org.codehaus.groovy.runtime.callsite.PogoMetaClassSite.call(PogoMetaClassSite.java:45)
	at org.codehaus.groovy.runtime.callsite.CallSiteArray.defaultCall(CallSiteArray.java:45)
	at org.codehaus.groovy.runtime.callsite.NullCallSite.call(NullCallSite.java:32)
	at org.codehaus.groovy.runtime.callsite.CallSiteArray.defaultCall(CallSiteArray.java:45)
	at org.codehaus.groovy.runtime.callsite.PogoMetaMethodSite.call(PogoMetaMethodSite.java:69)
	at org.codehaus.groovy.runtime.callsite.AbstractCallSite.call(AbstractCallSite.java:116)
	at trenes.RenfeService$_extraerTrayectos_closure4_closure15_closure16.doCall(RenfeService.groovy:79)
	at sun.reflect.GeneratedMethodAccessor254.invoke(Unknown Source)
	at sun.reflect.DelegatingMethodAccessorImpl.invoke(DelegatingMethodAccessorImpl.java:43)
	at java.lang.reflect.Method.invoke(Method.java:601)
	at org.springsource.loaded.ri.ReflectiveInterceptor.jlrMethodInvoke(ReflectiveInterceptor.java:1259)
	at org.codehaus.groovy.reflection.CachedMethod.invoke(CachedMethod.java:90)
	at groovy.lang.MetaMethod.doMethodInvoke(MetaMethod.java:233)
	at groovy.lang.MetaClassImpl.invokeMethod(MetaClassImpl.java:1082)
	at groovy.lang.ExpandoMetaClass.invokeMethod(ExpandoMetaClass.java:1106)
	at groovy.lang.MetaClassImpl.invokeMethod(MetaClassImpl.java:906)
	at groovy.lang.Closure.call(Closure.java:412)
	at trenes.RenfeService$_extraerTrayectos_closure4_closure15_closure16.call(RenfeService.groovy)
	at groovy.lang.Closure.call(Closure.java:425)
	at trenes.RenfeService$_extraerTrayectos_closure4_closure15_closure16.call(RenfeService.groovy)
	at groovyx.gpars.actor.DefaultActor.onMessage(DefaultActor.java:92)
	at groovyx.gpars.actor.DefaultActorClosure.call(DefaultActorClosure.java:38)
	at groovyx.gpars.actor.AbstractLoopingActor.runEnhancedWithoutRepliesOnMessages(AbstractLoopingActor.java:291)
	at groovyx.gpars.actor.AbstractLoopingActor.access$400(AbstractLoopingActor.java:30)
	at groovyx.gpars.actor.AbstractLoopingActor$1.handleMessage(AbstractLoopingActor.java:93)
	at groovyx.gpars.util.AsyncMessagingCore.run(AsyncMessagingCore.java:132)
	at java.util.concurrent.ThreadPoolExecutor.runWorker(ThreadPoolExecutor.java:1145)
	at java.util.concurrent.ThreadPoolExecutor$Worker.run(ThreadPoolExecutor.java:615)
	at java.lang.Thread.run(Thread.java:722)
java.lang.NullPointerException: Cannot get property 'origen' on null object
	at org.codehaus.groovy.runtime.NullObject.getProperty(NullObject.java:56)
	at org.codehaus.groovy.runtime.InvokerHelper.getProperty(InvokerHelper.java:169)
	at org.codehaus.groovy.runtime.callsite.NullCallSite.getProperty(NullCallSite.java:44)
	at org.codehaus.groovy.runtime.callsite.AbstractCallSite.callGetProperty(AbstractCallSite.java:227)
	at trenes.RenfeService$_extraerTrayectos_closure5_closure17_closure18.doCall(RenfeService.groovy:91)
	at sun.reflect.GeneratedMethodAccessor248.invoke(Unknown Source)
	at sun.reflect.DelegatingMethodAccessorImpl.invoke(DelegatingMethodAccessorImpl.java:43)
	at java.lang.reflect.Method.invoke(Method.java:601)
	at org.springsource.loaded.ri.ReflectiveInterceptor.jlrMethodInvoke(ReflectiveInterceptor.java:1259)
	at org.codehaus.groovy.reflection.CachedMethod.invoke(CachedMethod.java:90)
	at groovy.lang.MetaMethod.doMethodInvoke(MetaMethod.java:233)
	at groovy.lang.MetaClassImpl.invokeMethod(MetaClassImpl.java:1082)
	at groovy.lang.ExpandoMetaClass.invokeMethod(ExpandoMetaClass.java:1106)
	at groovy.lang.MetaClassImpl.invokeMethod(MetaClassImpl.java:906)
	at groovy.lang.Closure.call(Closure.java:412)
	at trenes.RenfeService$_extraerTrayectos_closure5_closure17_closure18.call(RenfeService.groovy)
	at groovy.lang.Closure.call(Closure.java:425)
	at trenes.RenfeService$_extraerTrayectos_closure5_closure17_closure18.call(RenfeService.groovy)
	at groovyx.gpars.actor.DefaultActor.onMessage(DefaultActor.java:92)
	at groovyx.gpars.actor.DefaultActorClosure.call(DefaultActorClosure.java:38)
	at groovyx.gpars.actor.AbstractLoopingActor.runEnhancedWithoutRepliesOnMessages(AbstractLoopingActor.java:291)
	at groovyx.gpars.actor.AbstractLoopingActor.access$400(AbstractLoopingActor.java:30)
	at groovyx.gpars.actor.AbstractLoopingActor$1.handleMessage(AbstractLoopingActor.java:93)
	at groovyx.gpars.util.AsyncMessagingCore.run(AsyncMessagingCore.java:132)
	at java.util.concurrent.ThreadPoolExecutor.runWorker(ThreadPoolExecutor.java:1145)
	at java.util.concurrent.ThreadPoolExecutor$Worker.run(ThreadPoolExecutor.java:615)
	at java.lang.Thread.run(Thread.java:722)
]]></system-err>

  </testsuite>
</testsuites>
